{"level":"\u001b[32minfo\u001b[39m","message":"{\"method\":\"POST\",\"url\":\"/users/add\",\"status\":\"404\",\"responseTime\":\"10.447\"}","timestamp":"2025-01-25T00:05:38.005Z"}
{"level":"\u001b[32minfo\u001b[39m","message":"{\"method\":\"POST\",\"url\":\"/users/register\",\"status\":\"500\",\"responseTime\":\"25.171\"}","timestamp":"2025-01-25T00:06:02.541Z"}
{"level":"\u001b[32minfo\u001b[39m","message":"{\"method\":\"POST\",\"url\":\"/users/register\",\"status\":\"500\",\"responseTime\":\"46.305\"}","timestamp":"2025-01-25T00:08:18.558Z"}
{"level":"\u001b[32minfo\u001b[39m","message":"{\"method\":\"POST\",\"url\":\"/users/register\",\"status\":\"201\",\"responseTime\":\"2158.847\"}","timestamp":"2025-01-25T00:10:53.016Z"}
{"level":"\u001b[32minfo\u001b[39m","message":"{\"method\":\"GET\",\"url\":\"/users/login\",\"status\":\"404\",\"responseTime\":\"1.529\"}","timestamp":"2025-01-25T00:14:34.327Z"}
{"level":"\u001b[32minfo\u001b[39m","message":"{\"method\":\"POST\",\"url\":\"/users/login\",\"status\":\"200\",\"responseTime\":\"324.929\"}","timestamp":"2025-01-25T00:15:01.597Z"}
{"level":"\u001b[32minfo\u001b[39m","message":"{\"method\":\"GET\",\"url\":\"/users/67942c0c8ff328142d0ec84a\",\"status\":\"404\",\"responseTime\":\"2.258\"}","timestamp":"2025-01-25T00:15:40.230Z"}
{"level":"\u001b[32minfo\u001b[39m","message":"{\"method\":\"GET\",\"url\":\"/users/cookie\",\"status\":\"500\",\"responseTime\":\"1.175\"}","timestamp":"2025-01-25T00:16:24.396Z"}
{"level":"\u001b[32minfo\u001b[39m","message":"{\"method\":\"GET\",\"url\":\"/users/cookie\",\"status\":\"200\",\"responseTime\":\"92.479\"}","timestamp":"2025-01-25T00:22:54.913Z"}
{"level":"\u001b[32minfo\u001b[39m","message":"{\"method\":\"GET\",\"url\":\"/users/67942c0c8ff328142d0ec84a\",\"status\":\"404\",\"responseTime\":\"5.315\"}","timestamp":"2025-01-25T00:23:00.682Z"}
{"level":"\u001b[32minfo\u001b[39m","message":"{\"method\":\"GET\",\"url\":\"/users/67942c0c8ff328142d0ec84a\",\"status\":\"200\",\"responseTime\":\"256.686\"}","timestamp":"2025-01-25T00:26:57.728Z"}
{"level":"\u001b[32minfo\u001b[39m","message":"{\"method\":\"GET\",\"url\":\"/users/cookie\",\"status\":\"500\",\"responseTime\":\"78.515\"}","timestamp":"2025-01-25T00:27:07.338Z"}
{"level":"\u001b[32minfo\u001b[39m","message":"{\"method\":\"GET\",\"url\":\"/users/token\",\"status\":\"500\",\"responseTime\":\"142.827\"}","timestamp":"2025-01-25T00:27:38.271Z"}
{"level":"\u001b[32minfo\u001b[39m","message":"{\"method\":\"GET\",\"url\":\"/users/cookie\",\"status\":\"500\",\"responseTime\":\"67.916\"}","timestamp":"2025-01-25T00:27:58.602Z"}
{"level":"\u001b[32minfo\u001b[39m","message":"{\"method\":\"GET\",\"url\":\"/users/cookie\",\"status\":\"200\",\"responseTime\":\"111.272\"}","timestamp":"2025-01-25T00:29:15.945Z"}
{"level":"\u001b[32minfo\u001b[39m","message":"{\"method\":\"POST\",\"url\":\"/users/register\",\"status\":\"403\",\"responseTime\":\"90.352\"}","timestamp":"2025-01-25T00:29:34.806Z"}
{"level":"\u001b[32minfo\u001b[39m","message":"{\"method\":\"POST\",\"url\":\"/users/register\",\"status\":\"201\",\"responseTime\":\"1902.226\"}","timestamp":"2025-01-25T00:29:54.107Z"}
{"level":"\u001b[32minfo\u001b[39m","message":"{\"method\":\"GET\",\"url\":\"/users\",\"status\":\"500\",\"responseTime\":\"1.188\"}","timestamp":"2025-01-25T00:49:54.871Z"}
{"level":"\u001b[32minfo\u001b[39m","message":"{\"method\":\"GET\",\"url\":\"/users\",\"status\":\"200\",\"responseTime\":\"134.261\"}","timestamp":"2025-01-25T00:50:06.376Z"}
{"level":"\u001b[32minfo\u001b[39m","message":"{\"method\":\"GET\",\"url\":\"/users/edit/67942c0c8ff328142d0ec84a\",\"status\":\"404\",\"responseTime\":\"5.796\"}","timestamp":"2025-01-25T00:59:33.505Z"}
{"level":"\u001b[32minfo\u001b[39m","message":"{\"method\":\"PUT\",\"url\":\"/users/edit/67942c0c8ff328142d0ec84a\",\"status\":\"500\",\"responseTime\":\"3.897\"}","timestamp":"2025-01-25T00:59:53.739Z"}
{"level":"\u001b[32minfo\u001b[39m","message":"{\"method\":\"GET\",\"url\":\"/users\",\"status\":\"200\",\"responseTime\":\"164.263\"}","timestamp":"2025-01-25T01:01:24.361Z"}
{"level":"\u001b[32minfo\u001b[39m","message":"{\"method\":\"PUT\",\"url\":\"/users/edit/67942c0c8ff328142d0ec84a\",\"status\":\"500\",\"responseTime\":\"49.703\"}","timestamp":"2025-01-25T01:01:35.397Z"}
{"level":"\u001b[32minfo\u001b[39m","message":"{\"method\":\"PUT\",\"url\":\"/users/edit/67942c0c8ff328142d0ec84a\",\"status\":\"500\",\"responseTime\":\"5.399\"}","timestamp":"2025-01-25T01:02:05.728Z"}
{"level":"\u001b[32minfo\u001b[39m","message":"{\"method\":\"PUT\",\"url\":\"/users/edit/67942c0c8ff328142d0ec84a\",\"status\":\"201\",\"responseTime\":\"257.927\"}","timestamp":"2025-01-25T01:02:35.897Z"}
{"level":"\u001b[32minfo\u001b[39m","message":"{\"method\":\"GET\",\"url\":\"/users/delete/67942c0c8ff328142d0ec84a\",\"status\":\"404\",\"responseTime\":\"12.128\"}","timestamp":"2025-01-25T01:03:19.877Z"}
{"level":"\u001b[32minfo\u001b[39m","message":"{\"method\":\"DELETE\",\"url\":\"/users/delete/67942c0c8ff328142d0ec84a\",\"status\":\"201\",\"responseTime\":\"195.577\"}","timestamp":"2025-01-25T01:03:28.643Z"}
